
---------------------------------- Test 'feature' ----------------------------------

[09/23/2018 20:15:07] START-> feature

    ***Test Parameters = Automated End2End Tests

org.openqa.selenium.NoSuchElementException: no such element: Unable to locate element: {"method":"name","selector":"submit.add-to-cart"}
  (Session info: chrome=69.0.3497.92)
  (Driver info: chromedriver=2.42.591071 (0b695ff80972cc1a65a5cd643186d2ae582cd4ac),platform=Linux 4.9.93-linuxkit-aufs x86_64) (WARNING: The server did not provide any stacktrace information)
Command duration or timeout: 0 milliseconds
For documentation on this error, please visit: http://seleniumhq.org/exceptions/no_such_element.html
Build info: version: '3.12.0', revision: '7c6e0b3', time: '2018-05-08T14:04:26.12Z'
System info: host: 'ICEN062', ip: '172.24.177.49', os.name: 'Windows 10', os.arch: 'amd64', os.version: '10.0', java.version: '1.8.0_171'
Driver info: org.openqa.selenium.remote.RemoteWebDriver
Capabilities {acceptInsecureCerts: false, acceptSslCerts: false, applicationCacheEnabled: false, browserConnectionEnabled: false, browserName: chrome, chrome: {chromedriverVersion: 2.42.591071 (0b695ff80972cc..., userDataDir: /tmp/.org.chromium.Chromium...}, cssSelectorsEnabled: true, databaseEnabled: false, goog:chromeOptions: {debuggerAddress: localhost:41669}, handlesAlerts: true, hasTouchScreen: false, javascriptEnabled: true, locationContextEnabled: true, mobileEmulationEnabled: false, nativeEvents: true, networkConnectionEnabled: false, pageLoadStrategy: normal, platform: LINUX, platformName: LINUX, rotatable: false, setWindowRect: true, takesHeapSnapshot: true, takesScreenshot: true, unexpectedAlertBehaviour: , unhandledPromptBehavior: , version: 69.0.3497.92, webStorageEnabled: true, webdriver.remote.sessionid: 16a2ce8df6e3a10bcef80df4062...}
Session ID: 16a2ce8df6e3a10bcef80df4062604a3
*** Element info: {Using=name, value=submit.add-to-cart}

    ***Result = FAILED

[09/23/2018 20:16:22] END  -> com.amazon.runner.TestRunner.feature

---


Total Passed = 0, Total Failed = 1, Total Skipped = 0

