
---------------------------------- Test 'feature' ----------------------------------

[09/23/2018 15:17:41] START-> feature

    ***Test Parameters = Automated End2End Tests

org.openqa.selenium.WebDriverException: java.net.ConnectException: Connection refused (Connection refused)
Command duration or timeout: 0 milliseconds

    ***Result = FAILED

[09/23/2018 15:23:10] END  -> com.amazon.runner.TestRunner.feature

---


Total Passed = 0, Total Failed = 1, Total Skipped = 0

