
---------------------------------- Test 'feature' ----------------------------------

[09/23/2018 20:04:41] START-> feature

    ***Test Parameters = Automated End2End Tests

org.openqa.selenium.WebDriverException: unknown error: Element <h2 data-attribute="Women Long Sleeve Pleated T-Shirt Dress with Pockets Casual Loose Tunic Dress" data-max-rows="0" class="a-size-small a-color-base s-inline  s-access-title  a-text-normal">...</h2> is not clickable at point (355, 905). Other element would receive the click: <a class="a-link-normal s-access-detail-page s-overflow-ellipsis s-color-twister-title-link a-text-normal" title="Women Long Sleeve Pleated T-Shirt Dress with Pockets Casual Loose Tunic Dress" href="/gp/slredirect/picassoRedirect.html/ref=pa_sp_atf_fashion-womens-clothing_sr_pg1_1?ie=UTF8&amp;adId=A09287092HYAIUA840JBE&amp;url=https%3A%2F%2Fwww.amazon.com%2FCnokzol-Sleeve-Pleated-T-Shirt-Pockets%2Fdp%2FB07HL6GBNS%2Fref%3Dsr_1_1_sspa%3Fs%3Dapparel%26ie%3DUTF8%26qid%3D1537713331%26sr%3D1-1-spons%26nodeID%3D1045024%26psd%3D1%26keywords%3Ddress%26psc%3D1&amp;qualifier=1537713330&amp;id=429454947641768&amp;widgetName=sp_atf">...</a>
  (Session info: chrome=69.0.3497.92)
  (Driver info: chromedriver=2.42.591071 (0b695ff80972cc1a65a5cd643186d2ae582cd4ac),platform=Linux 4.9.93-linuxkit-aufs x86_64) (WARNING: The server did not provide any stacktrace information)
Command duration or timeout: 0 milliseconds
Build info: version: '3.12.0', revision: '7c6e0b3', time: '2018-05-08T14:04:26.12Z'
System info: host: 'ICEN062', ip: '172.24.177.49', os.name: 'Windows 10', os.arch: 'amd64', os.version: '10.0', java.version: '1.8.0_171'
Driver info: org.openqa.selenium.remote.RemoteWebDriver
Capabilities {acceptInsecureCerts: false, acceptSslCerts: false, applicationCacheEnabled: false, browserConnectionEnabled: false, browserName: chrome, chrome: {chromedriverVersion: 2.42.591071 (0b695ff80972cc..., userDataDir: /tmp/.org.chromium.Chromium...}, cssSelectorsEnabled: true, databaseEnabled: false, goog:chromeOptions: {debuggerAddress: localhost:33887}, handlesAlerts: true, hasTouchScreen: false, javascriptEnabled: true, locationContextEnabled: true, mobileEmulationEnabled: false, nativeEvents: true, networkConnectionEnabled: false, pageLoadStrategy: normal, platform: LINUX, platformName: LINUX, rotatable: false, setWindowRect: true, takesHeapSnapshot: true, takesScreenshot: true, unexpectedAlertBehaviour: , unhandledPromptBehavior: , version: 69.0.3497.92, webStorageEnabled: true, webdriver.remote.sessionid: 22c812eb6bfe8ac176c17722136...}
Session ID: 22c812eb6bfe8ac176c1772213634672

    ***Result = FAILED

[09/23/2018 20:05:44] END  -> com.amazon.runner.TestRunner.feature

---


Total Passed = 0, Total Failed = 1, Total Skipped = 0

